2024-6-24 22:53:49 - Dump file created successfully: Server_CrashDump-20240624-225345.dmp
2024-6-24 23:28:41 - Dump file created successfully: Server_CrashDump-20240624-232839.dmp
2024-6-24 23:29:5 - Dump file created successfully: Server_CrashDump-20240624-232903.dmp
2024-6-24 23:38:24 - Dump file created successfully: Server_CrashDump-20240624-233823.dmp
2024-6-24 23:42:18 - Dump file created successfully: Server_CrashDump-20240624-234216.dmp
2024-6-24 23:51:35 - Dump file created successfully: Server_CrashDump-20240624-235133.dmp
2024-6-24 23:55:24 - Dump file created successfully: Server_CrashDump-20240624-235523.dmp
2024-6-25 0:5:58 - Dump file created successfully: Server_CrashDump-20240625-000556.dmp
2024-6-25 0:43:30 - Dump file created successfully: Server_CrashDump-20240625-004328.dmp
2024-6-25 19:54:43 - Dump file created successfully: Server_CrashDump-20240625-195443.dmp
2024-6-25 20:16:0 - Dump file created successfully: Server_CrashDump-20240625-201600.dmp
2024-6-25 20:34:18 - Dump file created successfully: Server_CrashDump-20240625-203418.dmp
2024-6-25 20:57:3 - Dump file created successfully: Server_CrashDump-20240625-205703.dmp
2024-6-25 21:14:16 - Dump file created successfully: Server_CrashDump-20240625-211416.dmp
2024-6-25 21:19:17 - Dump file created successfully: Server_CrashDump-20240625-211917.dmp
2024-6-25 21:24:37 - Dump file created successfully: Server_CrashDump-20240625-212436.dmp
2024-6-25 21:28:45 - Dump file created successfully: Server_CrashDump-20240625-212845.dmp
2024-6-25 21:33:15 - Dump file created successfully: Server_CrashDump-20240625-213315.dmp
2024-6-25 21:34:58 - Dump file created successfully: Server_CrashDump-20240625-213458.dmp
2024-6-25 21:35:30 - Dump file created successfully: Server_CrashDump-20240625-213530.dmp
2024-6-25 21:43:36 - Dump file created successfully: Server_CrashDump-20240625-214335.dmp
2024-6-25 22:33:36 - Dump file created successfully: Server_CrashDump-20240625-223336.dmp
2024-6-25 23:22:52 - Dump file created successfully: Server_CrashDump-20240625-232252.dmp
2024-6-25 23:58:1 - Dump file created successfully: Server_CrashDump-20240625-235801.dmp
2024-6-26 10:4:45 - Dump file created successfully: Server_CrashDump-20240626-100444.dmp
2024-6-26 11:13:50 - Dump file created successfully: Server_CrashDump-20240626-111350.dmp
2024-6-26 12:19:6 - Dump file created successfully: Server_CrashDump-20240626-121905.dmp
2024-6-26 12:21:34 - Dump file created successfully: Server_CrashDump-20240626-122134.dmp
2024-6-26 12:22:8 - Dump file created successfully: Server_CrashDump-20240626-122208.dmp
2024-6-26 12:23:20 - Dump file created successfully: Server_CrashDump-20240626-122320.dmp
2024-6-26 12:23:49 - Dump file created successfully: Server_CrashDump-20240626-122349.dmp
2024-6-26 13:1:38 - Dump file created successfully: Server_CrashDump-20240626-130138.dmp
2024-6-26 16:55:37 - Dump file created successfully: Server_CrashDump-20240626-165537.dmp
2024-6-26 17:5:41 - Dump file created successfully: Server_CrashDump-20240626-170541.dmp
2024-6-26 17:9:43 - Dump file created successfully: Server_CrashDump-20240626-170943.dmp
2024-6-26 17:13:5 - Dump file created successfully: Server_CrashDump-20240626-171305.dmp
2024-6-26 17:17:43 - Dump file created successfully: Server_CrashDump-20240626-171743.dmp
2024-6-26 17:20:41 - Dump file created successfully: Server_CrashDump-20240626-172041.dmp
2024-6-26 17:26:15 - Dump file created successfully: Server_CrashDump-20240626-172614.dmp
2024-6-26 19:48:55 - Dump file created successfully: Server_CrashDump-20240626-194855.dmp
2024-6-26 20:18:57 - Dump file created successfully: Server_CrashDump-20240626-201857.dmp
2024-6-26 22:26:10 - Dump file created successfully: Server_CrashDump-20240626-222609.dmp
2024-6-27 20:19:0 - Dump file created successfully: Server_CrashDump-20240627-201900.dmp
2024-6-27 20:44:52 - Dump file created successfully: Server_CrashDump-20240627-204452.dmp
2024-6-27 20:49:27 - Dump file created successfully: Server_CrashDump-20240627-204926.dmp
2024-6-27 20:59:32 - Dump file created successfully: Server_CrashDump-20240627-205930.dmp
2024-6-27 21:7:30 - Dump file created successfully: Server_CrashDump-20240627-210728.dmp
2024-6-27 21:17:3 - Dump file created successfully: Server_CrashDump-20240627-211701.dmp
2024-6-27 21:31:3 - Dump file created successfully: Server_CrashDump-20240627-213103.dmp
2024-6-27 21:32:4 - Dump file created successfully: Server_CrashDump-20240627-213204.dmp
2024-6-27 21:36:18 - Dump file created successfully: Server_CrashDump-20240627-213618.dmp
2024-6-27 21:55:43 - Dump file created successfully: Server_CrashDump-20240627-215542.dmp
2024-6-27 22:5:39 - Dump file created successfully: Server_CrashDump-20240627-220538.dmp
2024-6-27 22:31:15 - Dump file created successfully: Server_CrashDump-20240627-223115.dmp
2024-6-28 19:58:22 - Dump file created successfully: Server_CrashDump-20240628-195821.dmp
2024-6-28 20:9:33 - Dump file created successfully: Server_CrashDump-20240628-200933.dmp
2024-6-28 20:10:53 - Dump file created successfully: Server_CrashDump-20240628-201053.dmp
2024-6-28 20:27:3 - Dump file created successfully: Server_CrashDump-20240628-202703.dmp
2024-6-28 21:21:22 - Dump file created successfully: Server_CrashDump-20240628-212121.dmp
2024-6-28 21:24:39 - Dump file created successfully: Server_CrashDump-20240628-212439.dmp
2024-6-28 21:26:13 - Dump file created successfully: Server_CrashDump-20240628-212613.dmp
2024-6-28 21:27:19 - Dump file created successfully: Server_CrashDump-20240628-212719.dmp
2024-6-28 21:42:17 - Dump file created successfully: Server_CrashDump-20240628-214217.dmp
2024-6-28 22:42:15 - Dump file created successfully: Server_CrashDump-20240628-224215.dmp
2024-6-28 22:45:8 - Dump file created successfully: Server_CrashDump-20240628-224508.dmp
2024-6-28 22:52:55 - Dump file created successfully: Server_CrashDump-20240628-225255.dmp
2024-6-29 12:4:27 - Dump file created successfully: Server_CrashDump-20240629-120427.dmp
2024-6-29 12:20:30 - Dump file created successfully: Server_CrashDump-20240629-122030.dmp
2024-6-29 12:48:59 - Dump file created successfully: Server_CrashDump-20240629-124859.dmp
2024-6-29 20:4:0 - Dump file created successfully: Server_CrashDump-20240629-200400.dmp
2024-6-29 21:8:11 - Dump file created successfully: Server_CrashDump-20240629-210811.dmp
2024-7-1 20:1:4 - Dump file created successfully: Server_CrashDump-20240701-200103.dmp
2024-7-1 20:6:34 - Dump file created successfully: Server_CrashDump-20240701-200633.dmp
2024-7-1 20:18:13 - Dump file created successfully: Server_CrashDump-20240701-201813.dmp
2024-7-1 20:20:55 - Dump file created successfully: Server_CrashDump-20240701-202055.dmp
2024-7-1 23:3:9 - Dump file created successfully: Server_CrashDump-20240701-230309.dmp
2024-7-1 23:23:3 - Dump file created successfully: Server_CrashDump-20240701-232303.dmp
2024-7-2 20:22:26 - Dump file created successfully: Server_CrashDump-20240702-202226.dmp
2024-7-2 20:31:33 - Dump file created successfully: Server_CrashDump-20240702-203133.dmp
2024-7-2 21:27:13 - Dump file created successfully: Server_CrashDump-20240702-212713.dmp
2024-7-2 21:30:2 - Dump file created successfully: Server_CrashDump-20240702-213002.dmp
2024-7-3 19:26:20 - Dump file created successfully: Server_CrashDump-20240703-192620.dmp
2024-7-3 19:29:10 - Dump file created successfully: Server_CrashDump-20240703-192910.dmp
2024-7-3 19:30:59 - Dump file created successfully: Server_CrashDump-20240703-193059.dmp
2024-7-3 19:31:44 - Dump file created successfully: Server_CrashDump-20240703-193144.dmp
2024-7-3 19:45:46 - Dump file created successfully: Server_CrashDump-20240703-194546.dmp
2024-7-3 19:46:41 - Dump file created successfully: Server_CrashDump-20240703-194641.dmp
2024-7-3 22:7:5 - CreateFile failed. Attempt 1 of 5. Error: 32
2024-7-3 22:7:5 - CreateFile failed. Attempt 1 of 5. Error: 32
2024-7-3 22:7:8 - Dump file created successfully with type 2: Server_CrashDump-20240703-220705.dmp
2024-7-3 22:25:37 - Dump file created successfully with type 2: Server_CrashDump-20240703-222534.dmp
2024-7-3 22:39:35 - Dump file created successfully with type 2: Server_CrashDump-20240703-223930.dmp
2024-7-3 22:41:31 - Dump file created successfully with type 2: Server_CrashDump-20240703-224127.dmp
2024-7-3 22:52:12 - CreateFile failed. Attempt 1 of 5. Error: 32
2024-7-3 22:52:12 - CreateFile failed. Attempt 1 of 5. Error: 32
2024-7-3 22:52:17 - Dump file created successfully with type 2: Server_CrashDump-20240703-225212.dmp
2024-7-3 23:21:23 - Dump file created successfully with type 2: Server_CrashDump-20240703-232121.dmp
2024-7-3 23:25:22 - Dump file created successfully with type 2: Server_CrashDump-20240703-232518.dmp
2024-7-3 23:30:46 - Dump file created successfully with type 2: CrashDump_GameServer-20240703-233044.dmp
2024-7-3 23:36:35 - Dump file created successfully with type 2: CrashDump_GameServer-20240703-233633.dmp
2024-7-5 19:14:49 - CreateFile failed. Attempt 1 of 5. Error: 32
2024-7-5 19:14:49 - CreateFile failed. Attempt 1 of 5. Error: 32
2024-7-5 19:14:51 - Dump file created successfully with type 2: CrashDump_GameServer-20240705-191449.dmp
2024-7-5 19:18:48 - Dump file created successfully with type 2: CrashDump_GameServer-20240705-191846.dmp
2024-7-5 19:27:56 - CreateFile failed. Attempt 1 of 5. Error: 32
2024-7-5 19:27:56 - CreateFile failed. Attempt 1 of 5. Error: 32
2024-7-5 19:27:58 - Dump file created successfully with type 2: CrashDump_GameServer-20240705-192756.dmp
2024-7-5 19:50:22 - Dump file created successfully with type 2: CrashDump_GameServer-20240705-195018.dmp
2024-7-5 19:53:52 - CreateFile failed. Attempt 1 of 5. Error: 32
2024-7-5 19:53:52 - CreateFile failed. Attempt 1 of 5. Error: 32
2024-7-5 19:53:54 - Dump file created successfully with type 2: CrashDump_GameServer-20240705-195352.dmp
2024-7-5 19:57:58 - CreateFile failed. Attempt 1 of 5. Error: 32
2024-7-5 19:57:58 - CreateFile failed. Attempt 1 of 5. Error: 32
2024-7-5 19:58:0 - Dump file created successfully with type 2: CrashDump_GameServer-20240705-195758.dmp
2024-7-5 20:1:45 - Dump file created successfully with type 2: CrashDump_GameServer-20240705-200143.dmp
2024-7-5 20:3:29 - Dump file created successfully with type 2: CrashDump_GameServer-20240705-200327.dmp
2024-7-5 20:10:48 - Dump file created successfully with type 2: CrashDump_GameServer-20240705-201045.dmp
2024-7-5 20:20:55 - Dump file created successfully with type 2: CrashDump_GameServer-20240705-202053.dmp
2024-7-5 22:44:19 - Dump file created successfully with type 2: CrashDump_GameServer-20240705-224416.dmp
2024-7-5 23:15:23 - Dump file created successfully with type 2: CrashDump_GameServer-20240705-231520.dmp
2024-7-5 23:37:58 - Dump file created successfully with type 2: CrashDump_GameServer-20240705-233756.dmp
2024-7-5 23:53:47 - CreateFile failed. Attempt 1 of 5. Error: 32
2024-7-5 23:53:47 - CreateFile failed. Attempt 1 of 5. Error: 32
2024-7-5 23:53:51 - Dump file created successfully with type 2: CrashDump_GameServer-20240705-235347.dmp
2024-7-5 23:53:51 - CreateFile failed. Attempt 2 of 5. Error: 32
2024-7-5 23:53:51 - CreateFile failed. Attempt 2 of 5. Error: 32
2024-7-5 23:58:42 - Dump file created successfully with type 2: CrashDump_GameServer-20240705-235840.dmp
2024-7-6 0:16:20 - Dump file created successfully with type 2: CrashDump_GameServer-20240706-001618.dmp
2024-7-6 20:39:10 - Dump file created successfully with type 2: CrashDump_GameServer-20240706-203907.dmp
2024-7-6 22:26:15 - Dump file created successfully with type 2: CrashDump_GameServer-20240706-222611.dmp
2024-7-6 22:56:39 - Dump file created successfully with type 2: CrashDump_GameServer-20240706-225636.dmp
2024-7-7 14:0:11 - Dump file created successfully with type 2: CrashDump_GameServer-20240707-140007.dmp
2024-7-8 20:1:28 - CreateFile failed. Attempt 1 of 5. Error: 32
2024-7-8 20:1:28 - CreateFile failed. Attempt 1 of 5. Error: 32
2024-7-8 20:1:30 - Dump file created successfully with type 2: CrashDump_GameServer-20240708-200128.dmp
2024-7-8 22:11:24 - Dump file created successfully with type 2: CrashDump_GameServer-20240708-221121.dmp
2024-7-8 22:14:38 - Dump file created successfully with type 2: CrashDump_GameServer-20240708-221435.dmp
2024-7-8 22:16:50 - Dump file created successfully with type 2: CrashDump_GameServer-20240708-221647.dmp
2024-7-8 22:17:54 - Dump file created successfully with type 2: CrashDump_GameServer-20240708-221751.dmp
2024-7-8 22:21:5 - Dump file created successfully with type 2: CrashDump_GameServer-20240708-222103.dmp
2024-7-8 22:26:40 - Dump file created successfully with type 2: CrashDump_GameServer-20240708-222638.dmp
2024-7-8 22:31:11 - Dump file created successfully with type 2: CrashDump_GameServer-20240708-223109.dmp
2024-7-8 22:32:30 - Dump file created successfully with type 2: CrashDump_GameServer-20240708-223228.dmp
2024-7-8 22:39:17 - Dump file created successfully with type 2: CrashDump_GameServer-20240708-223915.dmp
2024-7-8 22:52:13 - Dump file created successfully with type 2: CrashDump_GameServer-20240708-225211.dmp
2024-7-8 22:58:50 - Dump file created successfully with type 2: CrashDump_GameServer-20240708-225848.dmp
2024-7-8 23:15:14 - Dump file created successfully with type 2: CrashDump_GameServer-20240708-231512.dmp
2024-7-8 23:19:23 - Dump file created successfully with type 2: CrashDump_GameServer-20240708-231920.dmp
2024-7-8 23:19:59 - Dump file created successfully with type 2: CrashDump_GameServer-20240708-231957.dmp
2024-7-8 23:46:34 - Dump file created successfully with type 2: CrashDump_GameServer-20240708-234631.dmp
2024-7-8 23:56:12 - Dump file created successfully with type 2: CrashDump_GameServer-20240708-235609.dmp
2024-7-9 0:2:6 - CreateFile failed. Attempt 1 of 5. Error: 32
2024-7-9 0:2:7 - CreateFile failed. Attempt 2 of 5. Error: 32
2024-7-9 0:10:24 - Dump file created successfully with type 2: CrashDump_GameServer-20240709-001021.dmp
2024-7-9 0:12:18 - Dump file created successfully with type 2: CrashDump_GameServer-20240709-001216.dmp
2024-7-9 0:15:57 - Dump file created successfully with type 2: CrashDump_GameServer-20240709-001555.dmp
2024-7-9 0:21:57 - Dump file created successfully with type 2: CrashDump_GameServer-20240709-002155.dmp
2024-7-9 0:23:17 - Dump file created successfully with type 2: CrashDump_GameServer-20240709-002315.dmp
2024-7-9 0:26:10 - MiniDumpWriteDump failed with type 2. Attempt 1 of 5. Error: 1
2024-7-9 0:26:10 - No more dump types to try.
2024-7-9 0:29:8 - Dump file created successfully with type 2: CrashDump_GameServer-20240709-002906.dmp
2024-7-9 19:51:51 - Dump file created successfully with type 2: CrashDump_GameServer-20240709-195148.dmp
2024-7-9 19:55:31 - Dump file created successfully with type 2: CrashDump_GameServer-20240709-195529.dmp
