
*
***** S3Relay Start (@ 2025/09/10 17:35:54.496) >>>>>
*

[2025/09/10 17:35:54] 1 -- Initializing ...
[2025/09/10 17:35:54] 2 -- Create Channel: [Stock, GM] <00000000> GM
[2025/09/10 17:35:54] 3 -- Create Channel: [Stock] <00000001> 世界
[2025/09/10 17:35:54] 4 -- friend timing update db: start
[2025/09/10 17:35:54] 5 -- relay server startup
[2025/09/10 17:35:54] 6 -- root client create: 192.168.254.53
[2025/09/10 17:35:54] 7 -- DBRole client create: 192.168.254.53
[2025/09/10 17:35:54] 8 -- root client close: 192.168.254.53
[2025/09/10 17:35:54] 9 -- gateway client create: 192.168.254.53
[2025/09/10 17:35:54] 10 -- host server startup
[2025/09/10 17:35:54] 11 -- tong server startup
[2025/09/10 17:35:54] 12 -- chat server startup
[2025/09/10 17:35:54] 13 -- SockThread start success
[2025/09/10 17:35:54] 14 -- tong database openning
[2025/09/10 17:35:54] 15 -- ------------ nTongNum 0 ? -------------
[2025/09/10 17:35:54] 16 -- tongset init ok ! Number Tong: 0
[2025/09/10 17:35:54] 17 -- Initialize OK
[2025/09/10 17:36:09] 18 -- host connect create: 192.168.254.53
[2025/09/10 17:36:09] 19 -- chat connect create: 192.168.254.53
[2025/09/10 17:36:09] 20 -- tong connect create: 192.168.254.53
[2025/09/10 17:36:42] 21 -- load someone: Test01
[2025/09/10 17:36:42] 22 -- player login: kenny [Test01] (35FEA8C0, 00000000)
[2025/09/10 17:36:42] 23 -- sync friend list: Test01 (full)
[2025/09/10 17:36:42] 24 -- Query ChannelID: \S from (35FEA8C0, 00000000)
[2025/09/10 17:36:42] 25 -- Create Channel: <00000002> \S905881792
[2025/09/10 17:36:42] 26 -- Query ChannelID: 世界 from (35FEA8C0, 00000000)
[2025/09/10 17:36:42] 27 -- Query ChannelID: GM from (35FEA8C0, 00000000)
[2025/09/10 17:36:42] 28 -- Query ChannelID: \B from (35FEA8C0, 00000000)
[2025/09/10 17:36:42] 29 -- Create Channel: <00000003> \B905881792
[2025/09/10 17:36:42] 30 -- Query ChannelID: \S from (35FEA8C0, 00000000)
[2025/09/10 17:36:42] 31 -- Query ChannelID: 世界 from (35FEA8C0, 00000000)
[2025/09/10 17:36:42] 32 -- Query ChannelID: GM from (35FEA8C0, 00000000)
[2025/09/10 17:36:42] 33 -- Query ChannelID: \B from (35FEA8C0, 00000000)
[2025/09/10 17:36:42] 34 -- Subscribe Channel: 00000002 by (35FEA8C0,00000000)
[2025/09/10 17:36:42] 35 -- Subscribe Channel: 00000001 by (35FEA8C0,00000000)
[2025/09/10 17:36:42] 36 -- Subscribe Channel: GM <00000000> by (35FEA8C0,00000000)
[2025/09/10 17:36:42] 37 -- Subscribe Channel: 00000003 by (35FEA8C0,00000000)
[2025/09/10 17:36:42] 38 -- Subscribe Channel: 00000002 by (35FEA8C0,00000000)
[2025/09/10 17:36:42] 39 -- Subscribe Channel: 00000001 by (35FEA8C0,00000000)
[2025/09/10 17:36:42] 40 -- Subscribe Channel: GM <00000000> by (35FEA8C0,00000000)
[2025/09/10 17:36:42] 41 -- Subscribe Channel: 00000003 by (35FEA8C0,00000000)
[2025/09/10 17:41:00] 42 -- update friend DB succeed
[2025/09/10 17:45:57] 43 -- update friend DB succeed
[2025/09/10 17:50:57] 44 -- update friend DB succeed
[2025/09/10 17:55:57] 45 -- update friend DB succeed
[2025/09/10 18:00:57] 46 -- update friend DB succeed
[2025/09/10 18:05:57] 47 -- update friend DB succeed
[2025/09/10 18:07:42] 48 -- Destroy Channel: <00000002> \S905881792
[2025/09/10 18:07:42] 49 -- Destroy Channel: <00000003> \B905881792
[2025/09/10 18:07:42] 50 -- player logout: kenny
[2025/09/10 18:08:00] 51 -- load someone: DienBaQuan
[2025/09/10 18:08:00] 52 -- player login: kenny [DienBaQuan] (35FEA8C0, 00000001)
[2025/09/10 18:08:00] 53 -- Query ChannelID: \S from (35FEA8C0, 00000001)
[2025/09/10 18:08:00] 54 -- Create Channel: <00000004> \S905881792
[2025/09/10 18:08:00] 55 -- Query ChannelID: 世界 from (35FEA8C0, 00000001)
[2025/09/10 18:08:00] 56 -- Query ChannelID: GM from (35FEA8C0, 00000001)
[2025/09/10 18:08:00] 57 -- Query ChannelID: \B from (35FEA8C0, 00000001)
[2025/09/10 18:08:00] 58 -- Create Channel: <00000005> \B905881792
[2025/09/10 18:08:00] 59 -- Query ChannelID: \S from (35FEA8C0, 00000001)
[2025/09/10 18:08:00] 60 -- Query ChannelID: 世界 from (35FEA8C0, 00000001)
[2025/09/10 18:08:00] 61 -- Query ChannelID: GM from (35FEA8C0, 00000001)
[2025/09/10 18:08:00] 62 -- Query ChannelID: \B from (35FEA8C0, 00000001)
[2025/09/10 18:08:00] 63 -- sync friend list: DienBaQuan (full)
[2025/09/10 18:08:00] 64 -- Subscribe Channel: 00000004 by (35FEA8C0,00000001)
[2025/09/10 18:08:00] 65 -- Subscribe Channel: 00000001 by (35FEA8C0,00000001)
[2025/09/10 18:08:00] 66 -- Subscribe Channel: GM <00000000> by (35FEA8C0,00000001)
[2025/09/10 18:08:00] 67 -- Subscribe Channel: 00000005 by (35FEA8C0,00000001)
[2025/09/10 18:08:00] 68 -- Subscribe Channel: 00000004 by (35FEA8C0,00000001)
[2025/09/10 18:08:00] 69 -- Subscribe Channel: 00000001 by (35FEA8C0,00000001)
[2025/09/10 18:08:00] 70 -- Subscribe Channel: GM <00000000> by (35FEA8C0,00000001)
[2025/09/10 18:08:00] 71 -- Subscribe Channel: 00000005 by (35FEA8C0,00000001)
[2025/09/10 18:08:18] 72 -- Query ChannelID: \F2 from (35FEA8C0, 00000001)
[2025/09/10 18:08:18] 73 -- Create Channel: <00000006> \F2
[2025/09/10 18:08:21] 74 -- Subscribe Channel: 00000006 by (35FEA8C0,00000001)
[2025/09/10 18:10:57] 75 -- update friend DB succeed
[2025/09/10 18:15:57] 76 -- update friend DB succeed
[2025/09/10 18:20:57] 77 -- update friend DB succeed
[2025/09/10 18:25:57] 78 -- update friend DB succeed
[2025/09/10 18:30:57] 79 -- update friend DB succeed
[2025/09/10 18:35:58] 80 -- update friend DB succeed
[2025/09/10 18:40:58] 81 -- update friend DB succeed
[2025/09/10 18:45:58] 82 -- update friend DB succeed
[2025/09/10 18:50:58] 83 -- update friend DB succeed
[2025/09/10 18:55:58] 84 -- update friend DB succeed
[2025/09/10 19:00:58] 85 -- update friend DB succeed
[2025/09/10 19:05:58] 86 -- update friend DB succeed
[2025/09/10 19:10:58] 87 -- update friend DB succeed
[2025/09/10 19:15:58] 88 -- update friend DB succeed
[2025/09/10 19:20:58] 89 -- update friend DB succeed
[2025/09/10 19:25:58] 90 -- update friend DB succeed
