
*
***** S3Relay Start (@ 2025/09/10 21:45:16.252) >>>>>
*

[2025/09/10 21:45:16] 1 -- Initializing ...
[2025/09/10 21:45:16] 2 -- Create Channel: [Stock, GM] <00000000> GM
[2025/09/10 21:45:16] 3 -- Create Channel: [Stock] <00000001>  ¿ΩÁ
[2025/09/10 21:45:16] 4 -- friend timing update db: start
[2025/09/10 21:45:16] 5 -- relay server startup
[2025/09/10 21:45:16] 6 -- root client create: 192.168.254.53
[2025/09/10 21:45:16] 7 -- DBRole client create: 192.168.254.53
[2025/09/10 21:45:16] 8 -- root client close: 192.168.254.53
[2025/09/10 21:45:16] 9 -- gateway client create: 192.168.254.53
[2025/09/10 21:45:16] 10 -- host server startup
[2025/09/10 21:45:16] 11 -- tong server startup
[2025/09/10 21:45:16] 12 -- chat server startup
[2025/09/10 21:45:16] 13 -- SockThread start success
[2025/09/10 21:45:16] 14 -- tong database openning
[2025/09/10 21:45:16] 15 -- ------------ nTongNum 0 ? -------------
[2025/09/10 21:45:16] 16 -- tongset init ok ! Number Tong: 0
[2025/09/10 21:45:16] 17 -- Initialize OK
