
*
***** S3Relay Start (@ 2025/09/10 22:09:58.895) >>>>>
*

[2025/09/10 22:09:58] 1 -- Initializing ...
[2025/09/10 22:09:58] 2 -- Create Channel: [Stock, GM] <00000000> GM
[2025/09/10 22:09:58] 3 -- Create Channel: [Stock] <00000001>  ¿ΩÁ
[2025/09/10 22:09:58] 4 -- friend timing update db: start
[2025/09/10 22:09:58] 5 -- relay server startup
[2025/09/10 22:09:58] 6 -- root client create: 192.168.254.53
[2025/09/10 22:09:58] 7 -- DBRole client create: 192.168.254.53
[2025/09/10 22:09:58] 8 -- root client close: 192.168.254.53
[2025/09/10 22:09:58] 9 -- gateway client create: 192.168.254.53
[2025/09/10 22:09:58] 10 -- host server startup
[2025/09/10 22:09:58] 11 -- tong server startup
[2025/09/10 22:09:58] 12 -- chat server startup
[2025/09/10 22:09:58] 13 -- SockThread start success
[2025/09/10 22:09:58] 14 -- tong database openning
[2025/09/10 22:09:58] 15 -- ------------ nTongNum 0 ? -------------
[2025/09/10 22:09:58] 16 -- tongset init ok ! Number Tong: 0
[2025/09/10 22:09:58] 17 -- Initialize OK
