d:\vltk_tinhkiem\01.tinh-kiem-vs2022\swordonline\sources\core\clientdebug\core.pch
d:\vltk_tinhkiem\01.tinh-kiem-vs2022\swordonline\sources\core\clientdebug\vc143.pdb
d:\vltk_tinhkiem\01.tinh-kiem-vs2022\swordonline\sources\core\x64\client debug\stdafx.sbr
d:\vltk_tinhkiem\01.tinh-kiem-vs2022\swordonline\sources\core\clientdebug\stdafx.obj
d:\vltk_tinhkiem\01.tinh-kiem-vs2022\swordonline\sources\core\x64\client debug\kjxpathfinder.sbr
d:\vltk_tinhkiem\01.tinh-kiem-vs2022\swordonline\sources\core\x64\client debug\coredrawgameobj.sbr
d:\vltk_tinhkiem\01.tinh-kiem-vs2022\swordonline\sources\core\x64\client debug\coreshell.sbr
d:\vltk_tinhkiem\01.tinh-kiem-vs2022\swordonline\sources\core\x64\client debug\imgref.sbr
d:\vltk_tinhkiem\01.tinh-kiem-vs2022\swordonline\sources\core\x64\client debug\kbasproptbl.sbr
d:\vltk_tinhkiem\01.tinh-kiem-vs2022\swordonline\sources\core\x64\client debug\kbuysell.sbr
d:\vltk_tinhkiem\01.tinh-kiem-vs2022\swordonline\sources\core\x64\client debug\kcore.sbr
d:\vltk_tinhkiem\01.tinh-kiem-vs2022\swordonline\sources\core\x64\client debug\kdropscript.sbr
d:\vltk_tinhkiem\01.tinh-kiem-vs2022\swordonline\sources\core\x64\client debug\kfaction.sbr
d:\vltk_tinhkiem\01.tinh-kiem-vs2022\swordonline\sources\core\x64\client debug\kgamedata.sbr
d:\vltk_tinhkiem\01.tinh-kiem-vs2022\swordonline\sources\core\x64\client debug\kgmcommand.sbr
d:\vltk_tinhkiem\01.tinh-kiem-vs2022\swordonline\sources\core\x64\client debug\kinventory.sbr
d:\vltk_tinhkiem\01.tinh-kiem-vs2022\swordonline\sources\core\x64\client debug\kitem.sbr
d:\vltk_tinhkiem\01.tinh-kiem-vs2022\swordonline\sources\core\x64\client debug\kitemchangeres.sbr
d:\vltk_tinhkiem\01.tinh-kiem-vs2022\swordonline\sources\core\x64\client debug\kitemgenerator.sbr
d:\vltk_tinhkiem\01.tinh-kiem-vs2022\swordonline\sources\core\x64\client debug\kitemlist.sbr
d:\vltk_tinhkiem\01.tinh-kiem-vs2022\swordonline\sources\core\x64\client debug\kitemset.sbr
d:\vltk_tinhkiem\01.tinh-kiem-vs2022\swordonline\sources\core\x64\client debug\kladder.sbr
d:\vltk_tinhkiem\01.tinh-kiem-vs2022\swordonline\sources\core\x64\client debug\klittlemap.sbr
d:\vltk_tinhkiem\01.tinh-kiem-vs2022\swordonline\sources\core\x64\client debug\klogfile.sbr
d:\vltk_tinhkiem\01.tinh-kiem-vs2022\swordonline\sources\core\clientdebug\klogfile.obj
d:\vltk_tinhkiem\01.tinh-kiem-vs2022\swordonline\sources\core\clientdebug\klittlemap.obj
d:\vltk_tinhkiem\01.tinh-kiem-vs2022\swordonline\sources\core\clientdebug\kladder.obj
d:\vltk_tinhkiem\01.tinh-kiem-vs2022\swordonline\sources\core\clientdebug\kitemset.obj
d:\vltk_tinhkiem\01.tinh-kiem-vs2022\swordonline\sources\core\clientdebug\kitemlist.obj
d:\vltk_tinhkiem\01.tinh-kiem-vs2022\swordonline\sources\core\clientdebug\kitemgenerator.obj
d:\vltk_tinhkiem\01.tinh-kiem-vs2022\swordonline\sources\core\clientdebug\kitemchangeres.obj
d:\vltk_tinhkiem\01.tinh-kiem-vs2022\swordonline\sources\core\clientdebug\kitem.obj
d:\vltk_tinhkiem\01.tinh-kiem-vs2022\swordonline\sources\core\clientdebug\kinventory.obj
d:\vltk_tinhkiem\01.tinh-kiem-vs2022\swordonline\sources\core\clientdebug\kgmcommand.obj
d:\vltk_tinhkiem\01.tinh-kiem-vs2022\swordonline\sources\core\clientdebug\kgamedata.obj
d:\vltk_tinhkiem\01.tinh-kiem-vs2022\swordonline\sources\core\clientdebug\kfaction.obj
d:\vltk_tinhkiem\01.tinh-kiem-vs2022\swordonline\sources\core\clientdebug\kdropscript.obj
d:\vltk_tinhkiem\01.tinh-kiem-vs2022\swordonline\sources\core\clientdebug\kcore.obj
d:\vltk_tinhkiem\01.tinh-kiem-vs2022\swordonline\sources\core\clientdebug\kbuysell.obj
d:\vltk_tinhkiem\01.tinh-kiem-vs2022\swordonline\sources\core\clientdebug\kbasproptbl.obj
d:\vltk_tinhkiem\01.tinh-kiem-vs2022\swordonline\sources\core\clientdebug\imgref.obj
d:\vltk_tinhkiem\01.tinh-kiem-vs2022\swordonline\sources\core\clientdebug\coreshell.obj
d:\vltk_tinhkiem\01.tinh-kiem-vs2022\swordonline\sources\core\clientdebug\coredrawgameobj.obj
d:\vltk_tinhkiem\01.tinh-kiem-vs2022\swordonline\sources\core\clientdebug\kjxpathfinder.obj
d:\vltk_tinhkiem\01.tinh-kiem-vs2022\swordonline\sources\core\x64\client debug\kmagicdesc.sbr
d:\vltk_tinhkiem\01.tinh-kiem-vs2022\swordonline\sources\core\x64\client debug\kmapmusic.sbr
d:\vltk_tinhkiem\01.tinh-kiem-vs2022\swordonline\sources\core\x64\client debug\kmath.sbr
d:\vltk_tinhkiem\01.tinh-kiem-vs2022\swordonline\sources\core\x64\client debug\kmissle.sbr
d:\vltk_tinhkiem\01.tinh-kiem-vs2022\swordonline\sources\core\x64\client debug\kmissleres.sbr
d:\vltk_tinhkiem\01.tinh-kiem-vs2022\swordonline\sources\core\x64\client debug\kmissleset.sbr
d:\vltk_tinhkiem\01.tinh-kiem-vs2022\swordonline\sources\core\x64\client debug\knpc.sbr
d:\vltk_tinhkiem\01.tinh-kiem-vs2022\swordonline\sources\core\x64\client debug\knpcai.sbr
d:\vltk_tinhkiem\01.tinh-kiem-vs2022\swordonline\sources\core\x64\client debug\knpcattribmodify.sbr
d:\vltk_tinhkiem\01.tinh-kiem-vs2022\swordonline\sources\core\x64\client debug\knpcdeathcalcexp.sbr
d:\vltk_tinhkiem\01.tinh-kiem-vs2022\swordonline\sources\core\x64\client debug\knpcfindpath.sbr
d:\vltk_tinhkiem\01.tinh-kiem-vs2022\swordonline\sources\core\x64\client debug\knpcgold.sbr
d:\vltk_tinhkiem\01.tinh-kiem-vs2022\swordonline\sources\core\x64\client debug\knpcres.sbr
d:\vltk_tinhkiem\01.tinh-kiem-vs2022\swordonline\sources\core\x64\client debug\knpcreslist.sbr
d:\vltk_tinhkiem\01.tinh-kiem-vs2022\swordonline\sources\core\x64\client debug\knpcresnode.sbr
d:\vltk_tinhkiem\01.tinh-kiem-vs2022\swordonline\sources\core\x64\client debug\knpcset.sbr
d:\vltk_tinhkiem\01.tinh-kiem-vs2022\swordonline\sources\core\x64\client debug\knpctemplate.sbr
d:\vltk_tinhkiem\01.tinh-kiem-vs2022\swordonline\sources\core\x64\client debug\kobj.sbr
d:\vltk_tinhkiem\01.tinh-kiem-vs2022\swordonline\sources\core\x64\client debug\kobjset.sbr
d:\vltk_tinhkiem\01.tinh-kiem-vs2022\swordonline\sources\core\x64\client debug\koption.sbr
d:\vltk_tinhkiem\01.tinh-kiem-vs2022\swordonline\sources\core\clientdebug\koption.obj
d:\vltk_tinhkiem\01.tinh-kiem-vs2022\swordonline\sources\core\clientdebug\kobjset.obj
d:\vltk_tinhkiem\01.tinh-kiem-vs2022\swordonline\sources\core\clientdebug\kobj.obj
d:\vltk_tinhkiem\01.tinh-kiem-vs2022\swordonline\sources\core\clientdebug\knpctemplate.obj
d:\vltk_tinhkiem\01.tinh-kiem-vs2022\swordonline\sources\core\clientdebug\knpcset.obj
d:\vltk_tinhkiem\01.tinh-kiem-vs2022\swordonline\sources\core\clientdebug\knpcresnode.obj
d:\vltk_tinhkiem\01.tinh-kiem-vs2022\swordonline\sources\core\clientdebug\knpcreslist.obj
d:\vltk_tinhkiem\01.tinh-kiem-vs2022\swordonline\sources\core\clientdebug\knpcres.obj
d:\vltk_tinhkiem\01.tinh-kiem-vs2022\swordonline\sources\core\clientdebug\knpcgold.obj
d:\vltk_tinhkiem\01.tinh-kiem-vs2022\swordonline\sources\core\clientdebug\knpcfindpath.obj
d:\vltk_tinhkiem\01.tinh-kiem-vs2022\swordonline\sources\core\clientdebug\knpcdeathcalcexp.obj
d:\vltk_tinhkiem\01.tinh-kiem-vs2022\swordonline\sources\core\clientdebug\knpcattribmodify.obj
d:\vltk_tinhkiem\01.tinh-kiem-vs2022\swordonline\sources\core\clientdebug\knpcai.obj
d:\vltk_tinhkiem\01.tinh-kiem-vs2022\swordonline\sources\core\clientdebug\knpc.obj
d:\vltk_tinhkiem\01.tinh-kiem-vs2022\swordonline\sources\core\clientdebug\kmissleset.obj
d:\vltk_tinhkiem\01.tinh-kiem-vs2022\swordonline\sources\core\clientdebug\kmissleres.obj
d:\vltk_tinhkiem\01.tinh-kiem-vs2022\swordonline\sources\core\clientdebug\kmissle.obj
d:\vltk_tinhkiem\01.tinh-kiem-vs2022\swordonline\sources\core\clientdebug\kmath.obj
d:\vltk_tinhkiem\01.tinh-kiem-vs2022\swordonline\sources\core\clientdebug\kmapmusic.obj
d:\vltk_tinhkiem\01.tinh-kiem-vs2022\swordonline\sources\core\clientdebug\kmagicdesc.obj
d:\vltk_tinhkiem\01.tinh-kiem-vs2022\swordonline\sources\core\x64\client debug\kpartnerskill.sbr
d:\vltk_tinhkiem\01.tinh-kiem-vs2022\swordonline\sources\core\x64\client debug\kplayer.sbr
d:\vltk_tinhkiem\01.tinh-kiem-vs2022\swordonline\sources\core\x64\client debug\kplayerai.sbr
d:\vltk_tinhkiem\01.tinh-kiem-vs2022\swordonline\sources\core\x64\client debug\kplayerchat.sbr
d:\vltk_tinhkiem\01.tinh-kiem-vs2022\swordonline\sources\core\x64\client debug\kplayerchatroom.sbr
d:\vltk_tinhkiem\01.tinh-kiem-vs2022\swordonline\sources\core\x64\client debug\kplayerdbfuns.sbr
d:\vltk_tinhkiem\01.tinh-kiem-vs2022\swordonline\sources\core\x64\client debug\kplayerfaction.sbr
d:\vltk_tinhkiem\01.tinh-kiem-vs2022\swordonline\sources\core\x64\client debug\kplayermenustate.sbr
d:\vltk_tinhkiem\01.tinh-kiem-vs2022\swordonline\sources\core\x64\client debug\kplayerpartner.sbr
d:\vltk_tinhkiem\01.tinh-kiem-vs2022\swordonline\sources\core\x64\client debug\kplayerpk.sbr
d:\vltk_tinhkiem\01.tinh-kiem-vs2022\swordonline\sources\core\x64\client debug\kplayerset.sbr
d:\vltk_tinhkiem\01.tinh-kiem-vs2022\swordonline\sources\core\x64\client debug\kplayertask.sbr
d:\vltk_tinhkiem\01.tinh-kiem-vs2022\swordonline\sources\core\x64\client debug\kplayerteam.sbr
d:\vltk_tinhkiem\01.tinh-kiem-vs2022\swordonline\sources\core\x64\client debug\kplayertong.sbr
d:\vltk_tinhkiem\01.tinh-kiem-vs2022\swordonline\sources\core\x64\client debug\kplayertrade.sbr
d:\vltk_tinhkiem\01.tinh-kiem-vs2022\swordonline\sources\core\x64\client debug\kprotocol.sbr
d:\vltk_tinhkiem\01.tinh-kiem-vs2022\swordonline\sources\core\x64\client debug\kprotocolprocess.sbr
d:\vltk_tinhkiem\01.tinh-kiem-vs2022\swordonline\sources\core\x64\client debug\kregion.sbr
d:\vltk_tinhkiem\01.tinh-kiem-vs2022\swordonline\sources\core\x64\client debug\kscriptvalueset.sbr
d:\vltk_tinhkiem\01.tinh-kiem-vs2022\swordonline\sources\core\x64\client debug\ksellitem.sbr
d:\vltk_tinhkiem\01.tinh-kiem-vs2022\swordonline\sources\core\clientdebug\ksellitem.obj
d:\vltk_tinhkiem\01.tinh-kiem-vs2022\swordonline\sources\core\clientdebug\kscriptvalueset.obj
d:\vltk_tinhkiem\01.tinh-kiem-vs2022\swordonline\sources\core\clientdebug\kregion.obj
d:\vltk_tinhkiem\01.tinh-kiem-vs2022\swordonline\sources\core\clientdebug\kprotocolprocess.obj
d:\vltk_tinhkiem\01.tinh-kiem-vs2022\swordonline\sources\core\clientdebug\kprotocol.obj
d:\vltk_tinhkiem\01.tinh-kiem-vs2022\swordonline\sources\core\clientdebug\kplayertrade.obj
d:\vltk_tinhkiem\01.tinh-kiem-vs2022\swordonline\sources\core\clientdebug\kplayertong.obj
d:\vltk_tinhkiem\01.tinh-kiem-vs2022\swordonline\sources\core\clientdebug\kplayerteam.obj
d:\vltk_tinhkiem\01.tinh-kiem-vs2022\swordonline\sources\core\clientdebug\kplayertask.obj
d:\vltk_tinhkiem\01.tinh-kiem-vs2022\swordonline\sources\core\clientdebug\kplayerset.obj
d:\vltk_tinhkiem\01.tinh-kiem-vs2022\swordonline\sources\core\clientdebug\kplayerpk.obj
d:\vltk_tinhkiem\01.tinh-kiem-vs2022\swordonline\sources\core\clientdebug\kplayerpartner.obj
d:\vltk_tinhkiem\01.tinh-kiem-vs2022\swordonline\sources\core\clientdebug\kplayermenustate.obj
d:\vltk_tinhkiem\01.tinh-kiem-vs2022\swordonline\sources\core\clientdebug\kplayerfaction.obj
d:\vltk_tinhkiem\01.tinh-kiem-vs2022\swordonline\sources\core\clientdebug\kplayerdbfuns.obj
d:\vltk_tinhkiem\01.tinh-kiem-vs2022\swordonline\sources\core\clientdebug\kplayerchatroom.obj
d:\vltk_tinhkiem\01.tinh-kiem-vs2022\swordonline\sources\core\clientdebug\kplayerchat.obj
d:\vltk_tinhkiem\01.tinh-kiem-vs2022\swordonline\sources\core\clientdebug\kplayerai.obj
d:\vltk_tinhkiem\01.tinh-kiem-vs2022\swordonline\sources\core\clientdebug\kplayer.obj
d:\vltk_tinhkiem\01.tinh-kiem-vs2022\swordonline\sources\core\clientdebug\kpartnerskill.obj
d:\vltk_tinhkiem\01.tinh-kiem-vs2022\swordonline\sources\core\x64\client debug\kskilllist.sbr
d:\vltk_tinhkiem\01.tinh-kiem-vs2022\swordonline\sources\core\x64\client debug\kskillmanager.sbr
d:\vltk_tinhkiem\01.tinh-kiem-vs2022\swordonline\sources\core\x64\client debug\kskills.sbr
d:\vltk_tinhkiem\01.tinh-kiem-vs2022\swordonline\sources\core\x64\client debug\kskillspecial.sbr
d:\vltk_tinhkiem\01.tinh-kiem-vs2022\swordonline\sources\core\x64\client debug\ksortscript.sbr
d:\vltk_tinhkiem\01.tinh-kiem-vs2022\swordonline\sources\core\x64\client debug\ksprcontrol.sbr
d:\vltk_tinhkiem\01.tinh-kiem-vs2022\swordonline\sources\core\x64\client debug\ksubworld.sbr
d:\vltk_tinhkiem\01.tinh-kiem-vs2022\swordonline\sources\core\x64\client debug\ksubworldset.sbr
d:\vltk_tinhkiem\01.tinh-kiem-vs2022\swordonline\sources\core\x64\client debug\ktaskfuns.sbr
d:\vltk_tinhkiem\01.tinh-kiem-vs2022\swordonline\sources\core\x64\client debug\kthiefskill.sbr
d:\vltk_tinhkiem\01.tinh-kiem-vs2022\swordonline\sources\core\x64\client debug\ktongdata.sbr
d:\vltk_tinhkiem\01.tinh-kiem-vs2022\swordonline\sources\core\x64\client debug\kviewitem.sbr
d:\vltk_tinhkiem\01.tinh-kiem-vs2022\swordonline\sources\core\x64\client debug\kweathermgr.sbr
d:\vltk_tinhkiem\01.tinh-kiem-vs2022\swordonline\sources\core\x64\client debug\kworldmsg.sbr
d:\vltk_tinhkiem\01.tinh-kiem-vs2022\swordonline\sources\core\x64\client debug\kipotbranch.sbr
d:\vltk_tinhkiem\01.tinh-kiem-vs2022\swordonline\sources\core\x64\client debug\kipotleaf.sbr
d:\vltk_tinhkiem\01.tinh-kiem-vs2022\swordonline\sources\core\x64\client debug\ksceneplacec.sbr
d:\vltk_tinhkiem\01.tinh-kiem-vs2022\swordonline\sources\core\x64\client debug\ksceneplaceregionc.sbr
d:\vltk_tinhkiem\01.tinh-kiem-vs2022\swordonline\sources\core\x64\client debug\kweather.sbr
d:\vltk_tinhkiem\01.tinh-kiem-vs2022\swordonline\sources\core\x64\client debug\scenemath.sbr
d:\vltk_tinhkiem\01.tinh-kiem-vs2022\swordonline\sources\core\clientdebug\scenemath.obj
d:\vltk_tinhkiem\01.tinh-kiem-vs2022\swordonline\sources\core\clientdebug\kweather.obj
d:\vltk_tinhkiem\01.tinh-kiem-vs2022\swordonline\sources\core\clientdebug\ksceneplaceregionc.obj
d:\vltk_tinhkiem\01.tinh-kiem-vs2022\swordonline\sources\core\clientdebug\ksceneplacec.obj
d:\vltk_tinhkiem\01.tinh-kiem-vs2022\swordonline\sources\core\clientdebug\kipotleaf.obj
d:\vltk_tinhkiem\01.tinh-kiem-vs2022\swordonline\sources\core\clientdebug\kipotbranch.obj
d:\vltk_tinhkiem\01.tinh-kiem-vs2022\swordonline\sources\core\clientdebug\kworldmsg.obj
d:\vltk_tinhkiem\01.tinh-kiem-vs2022\swordonline\sources\core\clientdebug\kweathermgr.obj
d:\vltk_tinhkiem\01.tinh-kiem-vs2022\swordonline\sources\core\clientdebug\kviewitem.obj
d:\vltk_tinhkiem\01.tinh-kiem-vs2022\swordonline\sources\core\clientdebug\ktongdata.obj
d:\vltk_tinhkiem\01.tinh-kiem-vs2022\swordonline\sources\core\clientdebug\kthiefskill.obj
d:\vltk_tinhkiem\01.tinh-kiem-vs2022\swordonline\sources\core\clientdebug\ktaskfuns.obj
d:\vltk_tinhkiem\01.tinh-kiem-vs2022\swordonline\sources\core\clientdebug\ksubworldset.obj
d:\vltk_tinhkiem\01.tinh-kiem-vs2022\swordonline\sources\core\clientdebug\ksubworld.obj
d:\vltk_tinhkiem\01.tinh-kiem-vs2022\swordonline\sources\core\clientdebug\ksprcontrol.obj
d:\vltk_tinhkiem\01.tinh-kiem-vs2022\swordonline\sources\core\clientdebug\ksortscript.obj
d:\vltk_tinhkiem\01.tinh-kiem-vs2022\swordonline\sources\core\clientdebug\kskillspecial.obj
d:\vltk_tinhkiem\01.tinh-kiem-vs2022\swordonline\sources\core\clientdebug\kskills.obj
d:\vltk_tinhkiem\01.tinh-kiem-vs2022\swordonline\sources\core\clientdebug\kskillmanager.obj
d:\vltk_tinhkiem\01.tinh-kiem-vs2022\swordonline\sources\core\clientdebug\kskilllist.obj
d:\vltk_tinhkiem\01.tinh-kiem-vs2022\swordonline\sources\core\x64\client debug\sceneplacemapc.sbr
d:\vltk_tinhkiem\01.tinh-kiem-vs2022\swordonline\sources\core\x64\client debug\scriptfuns.sbr
d:\vltk_tinhkiem\01.tinh-kiem-vs2022\swordonline\sources\core\clientdebug\scriptfuns.obj
d:\vltk_tinhkiem\01.tinh-kiem-vs2022\swordonline\sources\core\clientdebug\sceneplacemapc.obj
d:\vltk_tinhkiem\01.tinh-kiem-vs2022\swordonline\sources\core\x64\client debug\kipotree.sbr
d:\vltk_tinhkiem\01.tinh-kiem-vs2022\swordonline\sources\core\clientdebug\kipotree.obj
d:\vltk_tinhkiem\01.tinh-kiem-vs2022\swordonline\sources\x64\client debug\core.pdb
d:\vltk_tinhkiem\01.tinh-kiem-vs2022\swordonline\sources\core\x64\client debug\core.tlog\cl.command.1.tlog
d:\vltk_tinhkiem\01.tinh-kiem-vs2022\swordonline\sources\core\x64\client debug\core.tlog\cl.read.1.tlog
d:\vltk_tinhkiem\01.tinh-kiem-vs2022\swordonline\sources\core\x64\client debug\core.tlog\cl.write.1.tlog
d:\vltk_tinhkiem\01.tinh-kiem-vs2022\swordonline\sources\core\x64\client debug\core.tlog\link.command.1.tlog
d:\vltk_tinhkiem\01.tinh-kiem-vs2022\swordonline\sources\core\x64\client debug\core.tlog\link.read.1.tlog
d:\vltk_tinhkiem\01.tinh-kiem-vs2022\swordonline\sources\core\x64\client debug\core.tlog\link.read.2.tlog
d:\vltk_tinhkiem\01.tinh-kiem-vs2022\swordonline\sources\core\x64\client debug\core.tlog\link.write.1.tlog
