Backup Log File Open Time:2025.9.11 13:23:19
RunTable cursor Opened. Backup begin.
DB Dump Finished.
RunTable cursor closed.
DB Statistic Log:
-------------Level-------------
DienBaQuan	0	150	0
Test01	0	150	0
	0	0	1
	0	0	1
	0	0	1
	0	0	1
	0	0	1
	0	0	1
	0	0	1
	0	0	1
-------------Money-------------
DienBaQuan	10099524	0
Test01	10000000	0
	0	1
	0	1
	0	1
	0	1
	0	1
	0	1
	0	1
	0	1
-------------Killer-------------
	0	1
	0	1
	0	1
	0	1
	0	1
	0	1
	0	1
	0	1
	0	1
	0	1
-------------Repute-------------
	0	1
	0	1
	0	1
	0	1
	0	1
	0	1
	0	1
	0	1
	0	1
	0	1
-------------FuYuan-------------
	0	1
	0	1
	0	1
	0	1
	0	1
	0	1
	0	1
	0	1
	0	1
	0	1
-------------AccumStat1-------------
	0	1
	0	1
	0	1
	0	1
	0	1
	0	1
	0	1
	0	1
	0	1
	0	1
-------------AccumStat2-------------
	0	1
	0	1
	0	1
	0	1
	0	1
	0	1
	0	1
	0	1
	0	1
	0	1
-------------HonorStat-------------
	0	1
	0	1
	0	1
	0	1
	0	1
	0	1
	0	1
	0	1
	0	1
	0	1
-------------TimeStat-------------
	0	1
	0	1
	0	1
	0	1
	0	1
	0	1
	0	1
	0	1
	0	1
	0	1
-------------TongLv-------------
	0	1
	0	1
	0	1
	0	1
	0	1
	0	1
	0	1
	0	1
	0	1
	0	1
-------------TongMn-------------
	0	1
	0	1
	0	1
	0	1
	0	1
	0	1
	0	1
	0	1
	0	1
	0	1
-------------TongEff-------------
	0	1
	0	1
	0	1
	0	1
	0	1
	0	1
	0	1
	0	1
	0	1
	0	1
--------------Sect 0 Level--------------
Test01	0	150	0
	0	0	1
	0	0	1
	0	0	1
	0	0	1
	0	0	1
	0	0	1
	0	0	1
	0	0	1
	0	0	1
-------------Sect 0 Money---------------
Test01	10000000	0
	0	1
	0	1
	0	1
	0	1
	0	1
	0	1
	0	1
	0	1
	0	1
--------------Sect 1 Level--------------
	0	0	1
	0	0	1
	0	0	1
	0	0	1
	0	0	1
	0	0	1
	0	0	1
	0	0	1
	0	0	1
	0	0	1
-------------Sect 1 Money---------------
	0	1
	0	1
	0	1
	0	1
	0	1
	0	1
	0	1
	0	1
	0	1
	0	1
--------------Sect 2 Level--------------
	0	0	1
	0	0	1
	0	0	1
	0	0	1
	0	0	1
	0	0	1
	0	0	1
	0	0	1
	0	0	1
	0	0	1
-------------Sect 2 Money---------------
	0	1
	0	1
	0	1
	0	1
	0	1
	0	1
	0	1
	0	1
	0	1
	0	1
--------------Sect 3 Level--------------
DienBaQuan	0	150	0
	0	0	1
	0	0	1
	0	0	1
	0	0	1
	0	0	1
	0	0	1
	0	0	1
	0	0	1
	0	0	1
-------------Sect 3 Money---------------
DienBaQuan	10099524	0
	0	1
	0	1
	0	1
	0	1
	0	1
	0	1
	0	1
	0	1
	0	1
--------------Sect 4 Level--------------
	0	0	1
	0	0	1
	0	0	1
	0	0	1
	0	0	1
	0	0	1
	0	0	1
	0	0	1
	0	0	1
	0	0	1
-------------Sect 4 Money---------------
	0	1
	0	1
	0	1
	0	1
	0	1
	0	1
	0	1
	0	1
	0	1
	0	1
--------------Sect 5 Level--------------
	0	0	1
	0	0	1
	0	0	1
	0	0	1
	0	0	1
	0	0	1
	0	0	1
	0	0	1
	0	0	1
	0	0	1
-------------Sect 5 Money---------------
	0	1
	0	1
	0	1
	0	1
	0	1
	0	1
	0	1
	0	1
	0	1
	0	1
--------------Sect 6 Level--------------
	0	0	1
	0	0	1
	0	0	1
	0	0	1
	0	0	1
	0	0	1
	0	0	1
	0	0	1
	0	0	1
	0	0	1
-------------Sect 6 Money---------------
	0	1
	0	1
	0	1
	0	1
	0	1
	0	1
	0	1
	0	1
	0	1
	0	1
--------------Sect 7 Level--------------
	0	0	1
	0	0	1
	0	0	1
	0	0	1
	0	0	1
	0	0	1
	0	0	1
	0	0	1
	0	0	1
	0	0	1
-------------Sect 7 Money---------------
	0	1
	0	1
	0	1
	0	1
	0	1
	0	1
	0	1
	0	1
	0	1
	0	1
--------------Sect 8 Level--------------
	0	0	1
	0	0	1
	0	0	1
	0	0	1
	0	0	1
	0	0	1
	0	0	1
	0	0	1
	0	0	1
	0	0	1
-------------Sect 8 Money---------------
	0	1
	0	1
	0	1
	0	1
	0	1
	0	1
	0	1
	0	1
	0	1
	0	1
--------------Sect 9 Level--------------
	0	0	1
	0	0	1
	0	0	1
	0	0	1
	0	0	1
	0	0	1
	0	0	1
	0	0	1
	0	0	1
	0	0	1
-------------Sect 9 Money---------------
	0	1
	0	1
	0	1
	0	1
	0	1
	0	1
	0	1
	0	1
	0	1
	0	1
--------------Sect 10 Level--------------
	0	0	1
	0	0	1
	0	0	1
	0	0	1
	0	0	1
	0	0	1
	0	0	1
	0	0	1
	0	0	1
	0	0	1
-------------Sect 10 Money---------------
	0	1
	0	1
	0	1
	0	1
	0	1
	0	1
	0	1
	0	1
	0	1
	0	1
--------------Sect 11 Level--------------
	0	0	1
	0	0	1
	0	0	1
	0	0	1
	0	0	1
	0	0	1
	0	0	1
	0	0	1
	0	0	1
	0	0	1
-------------Sect 11 Money---------------
	0	1
	0	1
	0	1
	0	1
	0	1
	0	1
	0	1
	0	1
	0	1
	0	1
--------------Sect 12 Level--------------
	0	0	1
	0	0	1
	0	0	1
	0	0	1
	0	0	1
	0	0	1
	0	0	1
	0	0	1
	0	0	1
	0	0	1
-------------Sect 12 Money---------------
	0	1
	0	1
	0	1
	0	1
	0	1
	0	1
	0	1
	0	1
	0	1
	0	1
--------------Sect 13 Level--------------
	0	0	1
	0	0	1
	0	0	1
	0	0	1
	0	0	1
	0	0	1
	0	0	1
	0	0	1
	0	0	1
	0	0	1
-------------Sect 13 Money---------------
	0	1
	0	1
	0	1
	0	1
	0	1
	0	1
	0	1
	0	1
	0	1
	0	1
Thong ke so luong nguoi choi moi mon phai
Sect 0: 1
Sect 1: 0
Sect 2: 0
Sect 3: 1
Sect 4: 0
Sect 5: 0
Sect 6: 0
Sect 7: 0
Sect 8: 0
Sect 9: 0
Sect 10: 0
Sect 11: 0
Sect 12: 0
Sect 13: 0
Thong ke so luong phu ho moi mon phai(Tong: 10)
Sect 0: 1
Sect 1: 0
Sect 2: 0
Sect 3: 1
Sect 4: 0
Sect 5: 0
Sect 6: 0
Sect 7: 0
Sect 8: 0
Sect 9: 0
Sect 10: 0
Sect 11: 0
Sect 12: 0
Sect 13: 0
Thong ke so luong cao thu moi mon phai(Tong: 1000)
Sect 0: 1
Sect 1: 0
Sect 2: 0
Sect 3: 1
Sect 4: 0
Sect 5: 0
Sect 6: 0
Sect 7: 0
Sect 8: 0
Sect 9: 0
Sect 10: 0
Sect 11: 0
Sect 12: 0
Sect 13: 0
