
*
***** S3Relay Start (@ 2025/09/11 16:24:12.012) >>>>>
*

[2025/09/11 16:24:12] 1 -- Initializing ...
[2025/09/11 16:24:12] 2 -- Create Channel: [Stock, GM] <00000000> GM
[2025/09/11 16:24:12] 3 -- Create Channel: [Stock] <00000001> 世界
[2025/09/11 16:24:12] 4 -- friend timing update db: start
[2025/09/11 16:24:12] 5 -- relay server startup
[2025/09/11 16:24:12] 6 -- root client create: 192.168.254.53
[2025/09/11 16:24:12] 7 -- DBRole client create: 192.168.254.53
[2025/09/11 16:24:12] 8 -- root client close: 192.168.254.53
[2025/09/11 16:24:12] 9 -- gateway client create: 192.168.254.53
[2025/09/11 16:24:12] 10 -- host server startup
[2025/09/11 16:24:12] 11 -- tong server startup
[2025/09/11 16:24:12] 12 -- chat server startup
[2025/09/11 16:24:12] 13 -- SockThread start success
[2025/09/11 16:24:12] 14 -- tong database openning
[2025/09/11 16:24:12] 15 -- ------------ nTongNum 0 ? -------------
[2025/09/11 16:24:12] 16 -- tongset init ok ! Number Tong: 0
[2025/09/11 16:24:12] 17 -- Initialize OK
[2025/09/11 16:24:27] 18 -- host connect create: 192.168.254.53
[2025/09/11 16:24:27] 19 -- chat connect create: 192.168.254.53
[2025/09/11 16:24:27] 20 -- tong connect create: 192.168.254.53
[2025/09/11 16:24:33] 21 -- load someone: DienBaQuan
[2025/09/11 16:24:33] 22 -- player login: kenny [DienBaQuan] (35FEA8C0, 00000000)
[2025/09/11 16:24:33] 23 -- Query ChannelID: \S from (35FEA8C0, 00000000)
[2025/09/11 16:24:33] 24 -- Create Channel: <00000002> \S905881792
[2025/09/11 16:24:33] 25 -- Query ChannelID: 世界 from (35FEA8C0, 00000000)
[2025/09/11 16:24:33] 26 -- Query ChannelID: \F2 from (35FEA8C0, 00000000)
[2025/09/11 16:24:33] 27 -- Create Channel: <00000003> \F2
[2025/09/11 16:24:33] 28 -- Query ChannelID: GM from (35FEA8C0, 00000000)
[2025/09/11 16:24:33] 29 -- Query ChannelID: \B from (35FEA8C0, 00000000)
[2025/09/11 16:24:33] 30 -- Create Channel: <00000004> \B905881792
[2025/09/11 16:24:33] 31 -- sync friend list: DienBaQuan (full)
[2025/09/11 16:24:33] 32 -- Query ChannelID: \S from (35FEA8C0, 00000000)
[2025/09/11 16:24:33] 33 -- Query ChannelID: 世界 from (35FEA8C0, 00000000)
[2025/09/11 16:24:33] 34 -- Query ChannelID: \F2 from (35FEA8C0, 00000000)
[2025/09/11 16:24:33] 35 -- Query ChannelID: GM from (35FEA8C0, 00000000)
[2025/09/11 16:24:33] 36 -- Query ChannelID: \B from (35FEA8C0, 00000000)
[2025/09/11 16:24:33] 37 -- Query ChannelID: \S from (35FEA8C0, 00000000)
[2025/09/11 16:24:33] 38 -- Query ChannelID: 世界 from (35FEA8C0, 00000000)
[2025/09/11 16:24:33] 39 -- Query ChannelID: \F2 from (35FEA8C0, 00000000)
[2025/09/11 16:24:33] 40 -- Query ChannelID: GM from (35FEA8C0, 00000000)
[2025/09/11 16:24:33] 41 -- Query ChannelID: \B from (35FEA8C0, 00000000)
[2025/09/11 16:24:33] 42 -- Query ChannelID: \S from (35FEA8C0, 00000000)
[2025/09/11 16:24:33] 43 -- Query ChannelID: 世界 from (35FEA8C0, 00000000)
[2025/09/11 16:24:33] 44 -- Query ChannelID: \F2 from (35FEA8C0, 00000000)
[2025/09/11 16:24:33] 45 -- Query ChannelID: GM from (35FEA8C0, 00000000)
[2025/09/11 16:24:33] 46 -- Query ChannelID: \B from (35FEA8C0, 00000000)
[2025/09/11 16:24:33] 47 -- Subscribe Channel: 00000002 by (35FEA8C0,00000000)
[2025/09/11 16:24:33] 48 -- Subscribe Channel: 00000001 by (35FEA8C0,00000000)
[2025/09/11 16:24:33] 49 -- Subscribe Channel: 00000003 by (35FEA8C0,00000000)
[2025/09/11 16:24:33] 50 -- Subscribe Channel: GM <00000000> by (35FEA8C0,00000000)
[2025/09/11 16:24:33] 51 -- Subscribe Channel: 00000004 by (35FEA8C0,00000000)
[2025/09/11 16:24:33] 52 -- Subscribe Channel: 00000002 by (35FEA8C0,00000000)
[2025/09/11 16:24:33] 53 -- Subscribe Channel: 00000001 by (35FEA8C0,00000000)
[2025/09/11 16:24:33] 54 -- Subscribe Channel: 00000003 by (35FEA8C0,00000000)
[2025/09/11 16:24:33] 55 -- Subscribe Channel: GM <00000000> by (35FEA8C0,00000000)
[2025/09/11 16:24:33] 56 -- Subscribe Channel: 00000004 by (35FEA8C0,00000000)
[2025/09/11 16:24:33] 57 -- Subscribe Channel: 00000002 by (35FEA8C0,00000000)
[2025/09/11 16:24:33] 58 -- Subscribe Channel: 00000001 by (35FEA8C0,00000000)
[2025/09/11 16:24:33] 59 -- Subscribe Channel: 00000003 by (35FEA8C0,00000000)
[2025/09/11 16:24:33] 60 -- Subscribe Channel: GM <00000000> by (35FEA8C0,00000000)
[2025/09/11 16:24:33] 61 -- Subscribe Channel: 00000004 by (35FEA8C0,00000000)
[2025/09/11 16:24:33] 62 -- Subscribe Channel: 00000002 by (35FEA8C0,00000000)
[2025/09/11 16:24:33] 63 -- Subscribe Channel: 00000001 by (35FEA8C0,00000000)
[2025/09/11 16:24:33] 64 -- Subscribe Channel: 00000003 by (35FEA8C0,00000000)
[2025/09/11 16:24:33] 65 -- Subscribe Channel: GM <00000000> by (35FEA8C0,00000000)
[2025/09/11 16:24:33] 66 -- Subscribe Channel: 00000004 by (35FEA8C0,00000000)
[2025/09/11 16:29:18] 67 -- update friend DB succeed
[2025/09/11 16:34:15] 68 -- update friend DB succeed
[2025/09/11 16:39:15] 69 -- update friend DB succeed
[2025/09/11 16:44:15] 70 -- update friend DB succeed
[2025/09/11 16:49:15] 71 -- update friend DB succeed
[2025/09/11 16:52:33] 72 -- Destroy Channel: <00000002> \S905881792
[2025/09/11 16:52:33] 73 -- Destroy Channel: <00000003> \F2
[2025/09/11 16:52:33] 74 -- Destroy Channel: <00000004> \B905881792
[2025/09/11 16:52:33] 75 -- player logout: kenny
